#
# A fatal error has been detected by the Java Runtime Environment:
#
#  EXCEPTION_ACCESS_VIOLATION (0xc0000005) at pc=0x000000005b108ad5, pid=1376, tid=6376
#
# JRE version: Java(TM) SE Runtime Environment (8.0_73-b02) (build 1.8.0_73-b02)
# Java VM: Java HotSpot(TM) 64-Bit Server VM (25.73-b02 mixed mode windows-amd64 compressed oops)
# Problematic frame:
# V  [jvm.dll+0x128ad5]
#
# Failed to write core dump. Minidumps are not enabled by default on client versions of Windows
#
# If you would like to submit a bug report, please visit:
#   http://bugreport.java.com/bugreport/crash.jsp
#

---------------  T H R E A D  ---------------

Current thread (0x00000000194b9000):  JavaThread "JDWP Transport Listener: dt_socket" daemon [_thread_in_vm, id=6376, stack(0x0000000019dc0000,0x0000000019ec0000)]

siginfo: ExceptionCode=0xc0000005, reading address 0xffffffffffffffff

Registers:
RAX=0x0000000019ebf101, RBX=0x00000000194b9000, RCX=0x4c003b00003b7200, RDX=0x0000000000000000
RSP=0x0000000019ebf1a0, RBP=0x4c003b00003b7200, RSI=0x0000000019ebf2b8, RDI=0x0000000002188fe0
R8 =0x00000000194b9000, R9 =0x0000000000000000, R10=0x0000000000000000, R11=0x0000000000000064
R12=0x0000000000000000, R13=0x00000000194ada08, R14=0x0000000000000000, R15=0x0000000000000000
RIP=0x000000005b108ad5, EFLAGS=0x0000000000010206

Top of Stack: (sp=0x0000000019ebf1a0)
0x0000000019ebf1a0:   00000000194b9000 00000000194b9000
0x0000000019ebf1b0:   0000000019ebf268 000000005b30e34b
0x0000000019ebf1c0:   00000000194b9000 000000005b32abad
0x0000000019ebf1d0:   0000000000000000 000000005ad29155
0x0000000019ebf1e0:   00000000194d0750 000000005ad3291e
0x0000000019ebf1f0:   00000000194b9000 0000000000000000
0x0000000019ebf200:   0000000000000000 0000000000000000
0x0000000019ebf210:   4c003b00003b7200 000000005ad31a15
0x0000000019ebf220:   0000000019ebf2b8 0000000019ebf290
0x0000000019ebf230:   0000000000000001 00000000194d0750
0x0000000019ebf240:   4c003b00003b7200 000000005ad153b3
0x0000000019ebf250:   0000000019ebf380 0000000000000001
0x0000000019ebf260:   0000000000000001 00000000194d0750
0x0000000019ebf270:   000000000000000a 0000000000000000
0x0000000019ebf280:   0000000000000000 0000000000000000
0x0000000019ebf290:   0000000000000001 000000005ad15571 

Instructions: (pc=0x000000005b108ad5)
0x000000005b108ab5:   cc cc cc cc cc cc cc cc cc cc cc 48 83 ec 28 48
0x000000005b108ac5:   85 c9 75 07 33 c0 48 83 c4 28 c3 48 89 5c 24 20
0x000000005b108ad5:   48 8b 19 48 85 db 74 20 48 83 fb 37 74 1a 48 8b
0x000000005b108ae5:   13 48 8b cb ff 52 10 84 c0 74 0d 48 8b c3 48 8b 


Register to memory mapping:

RAX=0x0000000019ebf101 is pointing into the stack for thread: 0x00000000194b9000
RBX=0x00000000194b9000 is a thread
RCX=0x4c003b00003b7200 is an unknown value
RDX=0x0000000000000000 is an unknown value
RSP=0x0000000019ebf1a0 is pointing into the stack for thread: 0x00000000194b9000
RBP=0x4c003b00003b7200 is an unknown value
RSI=0x0000000019ebf2b8 is pointing into the stack for thread: 0x00000000194b9000
RDI=0x0000000002188fe0 is an unknown value
R8 =0x00000000194b9000 is a thread
R9 =0x0000000000000000 is an unknown value
R10=0x0000000000000000 is an unknown value
R11=0x0000000000000064 is an unknown value
R12=0x0000000000000000 is an unknown value
R13=0x00000000194ada08 is an unknown value
R14=0x0000000000000000 is an unknown value
R15=0x0000000000000000 is an unknown value


Stack: [0x0000000019dc0000,0x0000000019ec0000],  sp=0x0000000019ebf1a0,  free space=1020k
Native frames: (J=compiled Java code, j=interpreted, Vv=VM code, C=native code)
V  [jvm.dll+0x128ad5]
V  [jvm.dll+0x34abad]
C  [jdwp.dll+0x21a15]
C  [jdwp.dll+0x53b3]
C  [jdwp.dll+0x5571]
C  [jdwp.dll+0xf0a8]
C  [jdwp.dll+0x1f2d5]
C  [jdwp.dll+0x1f4aa]
V  [jvm.dll+0x1bbb58]
V  [jvm.dll+0x243234]
V  [jvm.dll+0x29a10a]
C  [msvcr100.dll+0x21d9f]
C  [msvcr100.dll+0x21e3b]
C  [KERNEL32.DLL+0x18102]
C  [ntdll.dll+0x5c5b4]


---------------  P R O C E S S  ---------------

Java Threads: ( => current thread )
  0x00000000194cd000 JavaThread "Service Thread" daemon [_thread_blocked, id=7220, stack(0x000000001a4c0000,0x000000001a5c0000)]
  0x00000000194d9000 JavaThread "C1 CompilerThread3" daemon [_thread_blocked, id=8040, stack(0x000000001a3c0000,0x000000001a4c0000)]
  0x00000000194d8800 JavaThread "C2 CompilerThread2" daemon [_thread_blocked, id=5636, stack(0x000000001a2c0000,0x000000001a3c0000)]
  0x00000000194d7800 JavaThread "C2 CompilerThread1" daemon [_thread_blocked, id=8080, stack(0x000000001a1c0000,0x000000001a2c0000)]
  0x00000000194d1000 JavaThread "C2 CompilerThread0" daemon [_thread_blocked, id=4076, stack(0x000000001a0c0000,0x000000001a1c0000)]
  0x00000000194c1800 JavaThread "JDWP Command Reader" daemon [_thread_in_native, id=2000, stack(0x0000000019fc0000,0x000000001a0c0000)]
  0x00000000194bc000 JavaThread "JDWP Event Helper Thread" daemon [_thread_blocked, id=6120, stack(0x0000000019ec0000,0x0000000019fc0000)]
=>0x00000000194b9000 JavaThread "JDWP Transport Listener: dt_socket" daemon [_thread_in_vm, id=6376, stack(0x0000000019dc0000,0x0000000019ec0000)]
  0x00000000194a4000 JavaThread "Attach Listener" daemon [_thread_blocked, id=6824, stack(0x0000000019980000,0x0000000019a80000)]
  0x00000000173de000 JavaThread "Signal Dispatcher" daemon [_thread_blocked, id=6788, stack(0x0000000019880000,0x0000000019980000)]
  0x0000000002429800 JavaThread "Finalizer" daemon [_thread_blocked, id=8060, stack(0x00000000192a0000,0x00000000193a0000)]
  0x0000000002423000 JavaThread "Reference Handler" daemon [_thread_blocked, id=2676, stack(0x00000000191a0000,0x00000000192a0000)]
  0x0000000002332800 JavaThread "main" [_thread_blocked, id=6100, stack(0x0000000002230000,0x0000000002330000)]

Other Threads:
  0x00000000173c8800 VMThread [stack: 0x00000000190a0000,0x00000000191a0000] [id=5760]
  0x0000000019574000 WatcherThread [stack: 0x000000001a5c0000,0x000000001a6c0000] [id=2436]

VM state:not at safepoint (normal execution)

VM Mutex/Monitor currently owned by a thread: None

Heap:
 PSYoungGen      total 38400K, used 2662K [0x00000000d5d80000, 0x00000000d8800000, 0x0000000100000000)
  eden space 33280K, 8% used [0x00000000d5d80000,0x00000000d6019a70,0x00000000d7e00000)
  from space 5120K, 0% used [0x00000000d8300000,0x00000000d8300000,0x00000000d8800000)
  to   space 5120K, 0% used [0x00000000d7e00000,0x00000000d7e00000,0x00000000d8300000)
 ParOldGen       total 87552K, used 0K [0x0000000081800000, 0x0000000086d80000, 0x00000000d5d80000)
  object space 87552K, 0% used [0x0000000081800000,0x0000000081800000,0x0000000086d80000)
 Metaspace       used 2567K, capacity 4564K, committed 4864K, reserved 1056768K
  class space    used 284K, capacity 388K, committed 512K, reserved 1048576K

Card table byte_map: [0x00000000117f0000,0x0000000011bf0000] byte_map_base: 0x00000000113e4000

Marking Bits: (ParMarkBitMap*) 0x000000005b7f0600
 Begin Bits: [0x00000000126a0000, 0x0000000014640000)
 End Bits:   [0x0000000014640000, 0x00000000165e0000)

Polling page: 0x0000000000aa0000

CodeCache: size=245760Kb used=1096Kb max_used=1104Kb free=244663Kb
 bounds [0x0000000002430000, 0x00000000026a0000, 0x0000000011430000]
 total_blobs=247 nmethods=24 adapters=145
 compilation: enabled

Compilation events (10 events):
Event: 0.128 Thread 0x00000000194d9000   18       3       java.io.WinNTFileSystem::isSlash (18 bytes)
Event: 0.128 Thread 0x00000000194d9000 nmethod 18 0x00000000025404d0 code [0x0000000002540620, 0x0000000002540810]
Event: 0.128 Thread 0x00000000194d9000   22       3       java.lang.String::indexOf (7 bytes)
Event: 0.128 Thread 0x00000000194d9000 nmethod 22 0x0000000002540890 code [0x0000000002540a00, 0x0000000002540c28]
Event: 0.128 Thread 0x00000000194d9000   21       3       java.lang.AbstractStringBuilder::append (50 bytes)
Event: 0.128 Thread 0x00000000194d8800   23       4       java.lang.String::charAt (29 bytes)
Event: 0.128 Thread 0x00000000194d9000 nmethod 21 0x0000000002540cd0 code [0x0000000002540e60, 0x0000000002541368]
Event: 0.129 Thread 0x00000000194d8800 nmethod 23 0x0000000002544250 code [0x00000000025443a0, 0x0000000002544498]
Event: 0.134 Thread 0x00000000194d9000   24       3       java.lang.StringBuilder::append (8 bytes)
Event: 0.134 Thread 0x00000000194d9000 nmethod 24 0x0000000002543690 code [0x0000000002543800, 0x00000000025439a8]

GC Heap History (0 events):
No events

Deoptimization events (0 events):
No events

Internal exceptions (2 events):
Event: 0.028 Thread 0x0000000002332800 Exception <a 'java/lang/NoSuchMethodError': Method sun.misc.Unsafe.defineClass(Ljava/lang/String;[BII)Ljava/lang/Class; name or signature does not match> (0x00000000d5d8d1c8) thrown at [D:\re\puppet\workspace\8-2-build-windows-amd64-cygwin\jdk8u73\6086\hot“Õ¶¼œ?
Event: 0.028 Thread 0x0000000002332800 Exception <a 'java/lang/NoSuchMethodError': Method sun.misc.Unsafe.prefetchRead(Ljava/lang/Object;J)V name or signature does not match> (0x00000000d5d8d4b0) thrown at [D:\re\puppet\workspace\8-2-build-windows-amd64-cygwin\jdk8u73\6086\hotspot\src\share\vm\

Events (10 events):
Event: 661.694 Executing VM operation: GetCurrentLocation
Event: 661.694 Executing VM operation: GetCurrentLocation done
Event: 661.694 Executing VM operation: EnterInterpOnlyMode
Event: 661.694 Executing VM operation: EnterInterpOnlyMode done
Event: 661.694 Executing VM operation: ChangeSingleStep
Event: 661.694 Executing VM operation: ChangeSingleStep done
Event: 661.694 Executing VM operation: ChangeSingleStep
Event: 661.694 Executing VM operation: ChangeSingleStep done
Event: 841.278 Executing VM operation: RedefineClasses
Event: 841.278 Executing VM operation: RedefineClasses done


Dynamic libraries:
0x00007ff69ff30000 - 0x00007ff69ff67000 	C:\Program Files\Java\jre1.8.0_73\bin\javaw.exe
0x00007fff46b80000 - 0x00007fff46d41000 	C:\WINDOWS\SYSTEM32\ntdll.dll
0x00007fff45170000 - 0x00007fff4521d000 	C:\WINDOWS\system32\KERNEL32.DLL
0x00007fff43a20000 - 0x00007fff43c08000 	C:\WINDOWS\system32\KERNELBASE.dll
0x00007fff444a0000 - 0x00007fff44547000 	C:\WINDOWS\system32\ADVAPI32.dll
0x00007fff44bc0000 - 0x00007fff44c5d000 	C:\WINDOWS\system32\msvcrt.dll
0x00007fff44870000 - 0x00007fff448cb000 	C:\WINDOWS\system32\sechost.dll
0x00007fff441b0000 - 0x00007fff442cc000 	C:\WINDOWS\system32\RPCRT4.dll
0x00007fff44660000 - 0x00007fff447b6000 	C:\WINDOWS\system32\USER32.dll
0x00007fff469f0000 - 0x00007fff46b76000 	C:\WINDOWS\system32\GDI32.dll
0x00007fff3ebc0000 - 0x00007fff3ee34000 	C:\WINDOWS\WinSxS\amd64_microsoft.windows.common-controls_6595b64144ccf1df_6.0.10586.0_none_8c15ae12515e1c22\COMCTL32.dll
0x00007fff44940000 - 0x00007fff44bbd000 	C:\WINDOWS\system32\combase.dll
0x00007fff43e00000 - 0x00007fff43e6a000 	C:\WINDOWS\system32\bcryptPrimitives.dll
0x00007fff44830000 - 0x00007fff4486b000 	C:\WINDOWS\system32\IMM32.DLL
0x000000005ad50000 - 0x000000005ae22000 	C:\Program Files\Java\jre1.8.0_73\bin\msvcr100.dll
0x000000005afe0000 - 0x000000005b870000 	C:\Program Files\Java\jre1.8.0_73\bin\server\jvm.dll
0x00007fff44d30000 - 0x00007fff44d38000 	C:\WINDOWS\system32\PSAPI.DLL
0x00007fff41080000 - 0x00007fff410a3000 	C:\WINDOWS\SYSTEM32\WINMM.dll
0x00007fff3f200000 - 0x00007fff3f209000 	C:\WINDOWS\SYSTEM32\WSOCK32.dll
0x00007fff3f060000 - 0x00007fff3f06a000 	C:\WINDOWS\SYSTEM32\VERSION.dll
0x00007fff447c0000 - 0x00007fff4482b000 	C:\WINDOWS\system32\WS2_32.dll
0x0000000002060000 - 0x000000000208c000 	C:\WINDOWS\SYSTEM32\WINMMBASE.dll
0x00007fff43e70000 - 0x00007fff43eb3000 	C:\WINDOWS\system32\cfgmgr32.dll
0x000000005aef0000 - 0x000000005aeff000 	C:\Program Files\Java\jre1.8.0_73\bin\verify.dll
0x000000005aec0000 - 0x000000005aee9000 	C:\Program Files\Java\jre1.8.0_73\bin\java.dll
0x000000005ad10000 - 0x000000005ad45000 	C:\Program Files\Java\jre1.8.0_73\bin\jdwp.dll
0x000000005ad00000 - 0x000000005ad08000 	C:\Program Files\Java\jre1.8.0_73\bin\npt.dll
0x000000005aea0000 - 0x000000005aeb6000 	C:\Program Files\Java\jre1.8.0_73\bin\zip.dll
0x00007fff45490000 - 0x00007fff469ec000 	C:\WINDOWS\system32\SHELL32.dll
0x00007fff43290000 - 0x00007fff438d5000 	C:\WINDOWS\system32\windows.storage.dll
0x00007fff448d0000 - 0x00007fff44922000 	C:\WINDOWS\system32\shlwapi.dll
0x00007fff431b0000 - 0x00007fff431bf000 	C:\WINDOWS\system32\kernel.appcore.dll
0x00007fff43ec0000 - 0x00007fff43f75000 	C:\WINDOWS\system32\shcore.dll
0x00007fff431c0000 - 0x00007fff4320b000 	C:\WINDOWS\system32\powrprof.dll
0x00007fff43210000 - 0x00007fff43224000 	C:\WINDOWS\system32\profapi.dll
0x000000005acf0000 - 0x000000005acf9000 	C:\Program Files\Java\jre1.8.0_73\bin\dt_socket.dll
0x00007fff37940000 - 0x00007fff37956000 	C:\WINDOWS\system32\napinsp.dll
0x00007fff37960000 - 0x00007fff3797a000 	C:\WINDOWS\system32\pnrpnsp.dll
0x00007fff3fc50000 - 0x00007fff3fc68000 	C:\WINDOWS\system32\NLAapi.dll
0x00007fff42ad0000 - 0x00007fff42b2c000 	C:\WINDOWS\System32\mswsock.dll
0x00007fff419e0000 - 0x00007fff41a8a000 	C:\WINDOWS\SYSTEM32\DNSAPI.dll
0x00007fff44130000 - 0x00007fff44138000 	C:\WINDOWS\system32\NSI.dll
0x00007fff37980000 - 0x00007fff3798d000 	C:\WINDOWS\System32\winrnr.dll
0x00007fff3e1f0000 - 0x00007fff3e257000 	C:\WINDOWS\System32\fwpuclnt.dll
0x00007fff430d0000 - 0x00007fff430f9000 	C:\WINDOWS\SYSTEM32\bcrypt.dll
0x00007fff3d2c0000 - 0x00007fff3d2ca000 	C:\Windows\System32\rasadhlp.dll
0x00007fff23f50000 - 0x00007fff240dc000 	C:\WINDOWS\SYSTEM32\dbghelp.dll

VM Arguments:
jvm_args: -agentlib:jdwp=transport=dt_socket,suspend=y,address=localhost:52248 -Dfile.encoding=Cp1252 
java_command: Driver
java_class_path (initial): C:\Users\ficar\Desktop\workspace\Abstract-Data-Types\bin
Launcher Type: SUN_STANDARD

Environment Variables:
PATH=C:/Program Files/Java/jre1.8.0_73/bin/server;C:/Program Files/Java/jre1.8.0_73/bin;C:/Program Files/Java/jre1.8.0_73/lib/amd64;C:\ProgramData\Oracle\Java\javapath;C:\WINDOWS\system32;C:\WINDOWS;C:\WINDOWS\System32\Wbem;C:\WINDOWS\System32\WindowsPowerShell\v1.0\;C:\Program Files\Git\cmd;C:\Users\ficar\Desktop\eclipse;
USERNAME=ficar
OS=Windows_NT
PROCESSOR_IDENTIFIER=Intel64 Family 6 Model 42 Stepping 7, GenuineIntel



---------------  S Y S T E M  ---------------

OS: Windows 10.0 , 64 bit Build 10586 (10.0.10586.0)

CPU:total 8 (4 cores per cpu, 2 threads per core) family 6 model 42 stepping 7, cmov, cx8, fxsr, mmx, sse, sse2, sse3, ssse3, sse4.1, sse4.2, popcnt, avx, aes, clmul, ht, tsc, tscinvbit

Memory: 4k page, physical 8283276k(4097068k free), swap 10642572k(4749604k free)

vm_info: Java HotSpot(TM) 64-Bit Server VM (25.73-b02) for windows-amd64 JRE (1.8.0_73-b02), built on Jan 29 2016 17:38:49 by "java_re" with MS VC++ 10.0 (VS2010)

time: Wed Mar 09 14:38:14 2016
elapsed time: 841 seconds (0d 0h 14m 1s)

